============================================================
Script: script_08_identity_coupling
Timestamp: 2026-06-29T10:46:19.676954
Hypothesis: HYPOTHESIS_08.md (identity-copy coupling)
K=10 pairs; Family A: seq[b]=seq[a]; Family B independent
Pairs (a->b): [(11, 46), (39, 42), (31, 0), (36, 10), (20, 41), (37, 45), (29, 13), (32, 16), (22, 12), (35, 5)]
============================================================

[DATA]   N=2000 (1000/family); K=10 pairs; max|marginal-1/20| over coupled cols = 0.022
[DATA]   rule satisfaction seq[b]=seq[a]: FamA=1.000 FamB=0.051 (FamB~1/20=0.05 expected)

[TRAIN]  training nano-MLM (masked-residue objective only)...

[EMBED]  linear-probe AUC (Family A vs B), held-out val split:
           trained model : 1.0000
           untrained ctrl: 0.5157   (must be ~0.5)
           composition   : 0.5108   (must be ~0.5)
[MECH]   mean masked acc at b-cols (a visible): FamA(coupled)=1.0000  FamB(indep)=0.0495  (chance=1/20=0.050)

[HYPOTHESIS CHECKS]
  H_08A trained AUC>=0.90        : PASS (AUC=1.0000)
  H_08B controls at chance<=0.60 : PASS (untrained=0.516 comp=0.511)
  H_08C copy rule learned        : PASS (FamA b-acc=1.000 FamB b-acc=0.049)

============================================================
VERDICT: ALL CHECKS PASSED
  Airtight + learnable: both controls at chance, only the trained
  model separates, and it does so by LEARNING the copy rule (seq[b]=seq[a]).
  This closes the synthetic ladder's embedding claim.
============================================================
[FIGURE] saved results/figures/script_08_embedding_pca.png
[FIGURE] saved results/figures/script_08_auc_vs_controls.png

============================================================
=== COMPLETE ===
============================================================
