============================================================
Script: script_03_discriminating_motif
Timestamp: 2026-06-29T09:55:46.792554
Hypothesis: HYPOTHESIS_03.md (discriminating motif + dual baselines)
Motif: GKTYRG at cols [22, 23, 24, 25, 26, 27]
============================================================

[DATA] train=1600 val=400 vocab=22

[BASELINES]
  global-unigram guess = G (most common residue)
  global-unigram expected acc = 0.0840
  per-column-optimal expected acc = 0.1640  (the ceiling)

[MODEL] NanoMLM params=72,982

[TRAIN] epoch | train_loss | val_loss | val_masked_acc
            1 |     3.0113 |   2.8987 |        0.1610
            5 |     2.6543 |   2.6772 |        0.1577
           10 |     2.6422 |   2.6661 |        0.1584
           15 |     2.6331 |   2.6608 |        0.1531
           20 |     2.6380 |   2.6591 |        0.1541
           25 |     2.6386 |   2.6589 |        0.1587
           30 |     2.6414 |   2.6610 |        0.1600

[FINAL EVAL on held-out val]
  overall masked accuracy = 0.1600
  motif-column accuracy   = ['1.000', '1.000', '1.000', '1.000', '1.000', '1.000'] (cols [22, 23, 24, 25, 26, 27]) mean=1.0000
  background-column mean   = 0.0514

[HYPOTHESIS CHECKS]
  H_03A beat GLOBAL baseline (acc>0.0840+0.02): PASS (0.1600)
  H_03B reconstruct motif (motif>=0.95, bg<=0.15): PASS (motif=1.0000, bg=0.0514)
  H_03C match per-column optimum (|acc-0.1640|<=0.03): PASS (0.1600)
  H_03D healthy curve (val_loss decreased): PASS (2.899 -> 2.661)

============================================================
VERDICT: ALL CHECKS PASSED
  Nano-MLM learned the grammar AND the metric now discriminates.
  global baseline=0.0840  model=0.1600  ceiling=0.1640
============================================================
[FIGURE] saved results/figures/script_03_loss_curve.png
[FIGURE] saved results/figures/script_03_per_column_accuracy.png

============================================================
=== COMPLETE ===
============================================================
