============================================================
Script: script_04_conservation_sweep
Timestamp: 2026-06-29T10:03:05.653563
Hypothesis: HYPOTHESIS_04.md (accuracy tracks conservation level)
Motif: GKTYRG at cols [22, 23, 24, 25, 26, 27]; levels p=[1.0, 0.9, 0.7, 0.5, 0.25]
============================================================

[SWEEP]  p   | motif_acc | bayes_opt | bg_acc | per-col motif accs
        1.00 |    1.0000 |    1.0000 | 0.0486 | ['1.00', '1.00', '1.00', '1.00', '1.00', '1.00']
        0.90 |    0.9016 |    0.9050 | 0.0583 | ['0.94', '0.91', '0.83', '0.91', '0.96', '0.86']
        0.70 |    0.7366 |    0.7150 | 0.0535 | ['0.63', '0.69', '0.66', '0.71', '0.87', '0.86']
        0.50 |    0.5739 |    0.5250 | 0.0486 | ['0.55', '0.54', '0.60', '0.59', '0.51', '0.66']
        0.25 |    0.2607 |    0.2875 | 0.0483 | ['0.24', '0.31', '0.28', '0.26', '0.32', '0.15']

[HYPOTHESIS CHECKS]
  H_04A monotonic & p=1.0>p=0.25: PASS (asc accs=['0.261', '0.574', '0.737', '0.902', '1.000'])
  H_04B near Bayes-optimal (|dev|<=0.10): PASS (max dev=0.0489)
  H_04C background<=0.15 all levels: PASS (max bg=0.0583)

============================================================
VERDICT: ALL CHECKS PASSED
  Motif accuracy tracks the planted conservation level.
============================================================
[FIGURE] saved results/figures/script_04_accuracy_vs_conservation.png

============================================================
=== COMPLETE ===
============================================================
