============================================================
Script: script_02_train_nano_mlm
Timestamp: 2026-06-29T09:48:51.036878
Hypothesis: HYPOTHESIS_02.md (H_02A beat baseline, H_02B motif, H_02C curve)
Baseline to beat (unigram): 0.1076
============================================================

[DATA] train=1600 val=400 seq_len=50 vocab=22

[MODEL] NanoMLM params=72,982 (d_model=64, heads=4, layers=2, ff=128)

[TRAIN] epoch | train_loss | val_loss | val_masked_acc
            1 |     3.0539 |   2.9619 |        0.1149
            5 |     2.8232 |   2.8209 |        0.1112
           10 |     2.8191 |   2.8224 |        0.1016
           15 |     2.8135 |   2.8173 |        0.1029
           20 |     2.8192 |   2.8169 |        0.1052
           25 |     2.8154 |   2.8128 |        0.1069
           30 |     2.8217 |   2.8187 |        0.1072

[FINAL EVAL on held-out val]
  overall masked accuracy = 0.1072  (baseline 0.1076)
  motif G-column accuracy : ['1.000', '1.000', '1.000'] (cols [22, 24, 27]) mean=1.0000
  background-column mean   = 0.0483
  variable x-cols [23, 25, 26]: ['0.056', '0.086', '0.043']

[HYPOTHESIS CHECKS]
  H_02A beat baseline (acc>0.1076 and >=0.15): FAIL (0.1072)
  H_02B reconstruct motif (motif>=0.95, bg<=0.15): PASS (motif=1.0000, bg=0.0483)
  H_02C healthy curve (val_loss decreased): PASS (2.962 -> 2.819)

============================================================
VERDICT: CHECKS FAILED
  Nano-MLM did NOT meet criteria.
============================================================
[FIGURE] saved results/figures/script_02_loss_curve.png
[FIGURE] saved results/figures/script_02_per_column_accuracy.png

============================================================
=== COMPLETE ===
============================================================
