======================================================================
Script: script_02_synthetic_classification
Timestamp: 2026-06-30T09:09:04.839434
Hypothesis: hypotheses/HYPOTHESIS_02.md
======================================================================

--- Generating Synthetic Dataset ---
Generating 500 membrane-like sequences (Class 1) and 500 soluble-like sequences (Class 0)...
--- Extracting Sequence Properties (Features) ---
Persisted synthetic dataset (1000 samples) to: /Users/salvador.rodarte/Library/CloudStorage/OneDrive-PNNL/Documents/GitHub/smairt_template_demos/protein_properties/protein_properties/data/synthetic/synthetic_protein_dataset.csv

Summary statistics by pool class:
               molecular_weight        pi     gravy
class_name                                         
membrane-like       13705.09334  7.247682  1.115646
soluble-like        14716.73258  7.814471 -1.698357

Mean GRAVY - Membrane: 1.116 | Soluble: -1.698
  => Confirm: Membrane GRAVY > 0 and Soluble GRAVY < 0 holds successfully.

--- Plotting Property Distributions ---
Saved GRAVY distribution histogram to: /Users/salvador.rodarte/Library/CloudStorage/OneDrive-PNNL/Documents/GitHub/smairt_template_demos/protein_properties/protein_properties/results/figures/gravy_distributions.png

--- Training and Evaluating Classifiers ---
Train set size: 800 samples | Test set size: 200 samples

Model: Logistic Regression using GRAVY-only
  Test Accuracy : 100.00%
  Test AUROC    : 1.0000

Model: Logistic Regression using pI-only
  Test Accuracy : 51.00%
  Test AUROC    : 0.5698

Model: Logistic Regression using MW-only
  Test Accuracy : 58.00%
  Test AUROC    : 0.6415

Model: Logistic Regression using Multi-feature (MW, pI, GRAVY)
  Test Accuracy : 100.00%
  Test AUROC    : 1.0000

Detailed Classification Report (Multi-feature):
               precision    recall  f1-score   support

 soluble-like       1.00      1.00      1.00       100
membrane-like       1.00      1.00      1.00       100

     accuracy                           1.00       200
    macro avg       1.00      1.00      1.00       200
 weighted avg       1.00      1.00      1.00       200

Logistic Regression Normalized Coefficients (Feature Importance):
  Feature: molecular_weight   | Raw Coef: -1.4301e-04 | Scaled Coef (Standardized): -0.2214
  Feature: pi                 | Raw Coef: -2.9358e-02 | Scaled Coef (Standardized): -0.0644
  Feature: gravy              | Raw Coef: 4.1939e+00 | Scaled Coef (Standardized): +5.2884

--- Validating Success Criteria ---
  => SUCCESS: GRAVY-only AUROC (1.0000) meets the success target (>= 0.90)
  => SUCCESS: pI-only Accuracy (51.00%) is random-chance as expected.
  => SUCCESS: MW-only Accuracy (58.00%) is random-chance as expected.

======================================================================
=== EXPERIMENT 02 COMPLETED SUCCESSFULLY ===
======================================================================
